C:\TMP\G29-POST-PROCESSOR\G29-POST-PROCESSOR\DEBUG\G29-POST-PROCESSOR.EXE
C:\TMP\G29-POST-PROCESSOR\G29-POST-PROCESSOR\DEBUG\G29-POST-PROCESSOR.ILK
C:\TMP\G29-POST-PROCESSOR\G29-POST-PROCESSOR\DEBUG\G29-POST-PROCESSOR.PDB
C:\TMP\G29-POST-PROCESSOR\G29-POST-PROCESSOR\G29-POST-PROCESSOR\DEBUG\.NETFRAMEWORK,VERSION=V4.0.ASSEMBLYATTRIBUTES.OBJ
C:\TMP\G29-POST-PROCESSOR\G29-POST-PROCESSOR\G29-POST-PROCESSOR\DEBUG\APP.RES
C:\TMP\G29-POST-PROCESSOR\G29-POST-PROCESSOR\G29-POST-PROCESSOR\DEBUG\ASSEMBLYINFO.OBJ
C:\Tmp\G29-Post-Processor\G29-Post-Processor\G29-Post-Processor\Debug\cl.command.1.tlog
C:\Tmp\G29-Post-Processor\G29-Post-Processor\G29-Post-Processor\Debug\CL.read.1.tlog
C:\Tmp\G29-Post-Processor\G29-Post-Processor\G29-Post-Processor\Debug\CL.write.1.tlog
C:\TMP\G29-POST-PROCESSOR\G29-POST-PROCESSOR\G29-POST-PROCESSOR\DEBUG\G29-POST-PROCESSOR.EXE.INTERMEDIATE.MANIFEST
C:\TMP\G29-POST-PROCESSOR\G29-POST-PROCESSOR\G29-POST-PROCESSOR\DEBUG\G29-POST-PROCESSOR.OBJ
C:\TMP\G29-POST-PROCESSOR\G29-POST-PROCESSOR\G29-POST-PROCESSOR\DEBUG\G29-POST-PROCESSOR.PCH
C:\Tmp\G29-Post-Processor\G29-Post-Processor\G29-Post-Processor\Debug\G29-Post-Processor.vcxprojResolveAssemblyReference.cache
C:\Tmp\G29-Post-Processor\G29-Post-Processor\G29-Post-Processor\Debug\G29-Post-Processor.write.1.tlog
C:\Tmp\G29-Post-Processor\G29-Post-Processor\G29-Post-Processor\Debug\link.1420.read.1.tlog
C:\Tmp\G29-Post-Processor\G29-Post-Processor\G29-Post-Processor\Debug\link.1420.write.1.tlog
C:\Tmp\G29-Post-Processor\G29-Post-Processor\G29-Post-Processor\Debug\link.1420-cvtres.read.1.tlog
C:\Tmp\G29-Post-Processor\G29-Post-Processor\G29-Post-Processor\Debug\link.1420-cvtres.write.1.tlog
C:\Tmp\G29-Post-Processor\G29-Post-Processor\G29-Post-Processor\Debug\link.1620.read.1.tlog
C:\Tmp\G29-Post-Processor\G29-Post-Processor\G29-Post-Processor\Debug\link.1620.write.1.tlog
C:\Tmp\G29-Post-Processor\G29-Post-Processor\G29-Post-Processor\Debug\link.1620-cvtres.read.1.tlog
C:\Tmp\G29-Post-Processor\G29-Post-Processor\G29-Post-Processor\Debug\link.1620-cvtres.write.1.tlog
C:\Tmp\G29-Post-Processor\G29-Post-Processor\G29-Post-Processor\Debug\link.168.read.1.tlog
C:\Tmp\G29-Post-Processor\G29-Post-Processor\G29-Post-Processor\Debug\link.168.write.1.tlog
C:\Tmp\G29-Post-Processor\G29-Post-Processor\G29-Post-Processor\Debug\link.168-cvtres.read.1.tlog
C:\Tmp\G29-Post-Processor\G29-Post-Processor\G29-Post-Processor\Debug\link.168-cvtres.write.1.tlog
C:\Tmp\G29-Post-Processor\G29-Post-Processor\G29-Post-Processor\Debug\link.1880.read.1.tlog
C:\Tmp\G29-Post-Processor\G29-Post-Processor\G29-Post-Processor\Debug\link.1880.write.1.tlog
C:\Tmp\G29-Post-Processor\G29-Post-Processor\G29-Post-Processor\Debug\link.1880-cvtres.read.1.tlog
C:\Tmp\G29-Post-Processor\G29-Post-Processor\G29-Post-Processor\Debug\link.1880-cvtres.write.1.tlog
C:\Tmp\G29-Post-Processor\G29-Post-Processor\G29-Post-Processor\Debug\link.2088.read.1.tlog
C:\Tmp\G29-Post-Processor\G29-Post-Processor\G29-Post-Processor\Debug\link.2088.write.1.tlog
C:\Tmp\G29-Post-Processor\G29-Post-Processor\G29-Post-Processor\Debug\link.2088-cvtres.read.1.tlog
C:\Tmp\G29-Post-Processor\G29-Post-Processor\G29-Post-Processor\Debug\link.2088-cvtres.write.1.tlog
C:\Tmp\G29-Post-Processor\G29-Post-Processor\G29-Post-Processor\Debug\link.2276.read.1.tlog
C:\Tmp\G29-Post-Processor\G29-Post-Processor\G29-Post-Processor\Debug\link.2276.write.1.tlog
C:\Tmp\G29-Post-Processor\G29-Post-Processor\G29-Post-Processor\Debug\link.2276-cvtres.read.1.tlog
C:\Tmp\G29-Post-Processor\G29-Post-Processor\G29-Post-Processor\Debug\link.2276-cvtres.write.1.tlog
C:\Tmp\G29-Post-Processor\G29-Post-Processor\G29-Post-Processor\Debug\link.2620.read.1.tlog
C:\Tmp\G29-Post-Processor\G29-Post-Processor\G29-Post-Processor\Debug\link.2620.write.1.tlog
C:\Tmp\G29-Post-Processor\G29-Post-Processor\G29-Post-Processor\Debug\link.2620-cvtres.read.1.tlog
C:\Tmp\G29-Post-Processor\G29-Post-Processor\G29-Post-Processor\Debug\link.2620-cvtres.write.1.tlog
C:\Tmp\G29-Post-Processor\G29-Post-Processor\G29-Post-Processor\Debug\link.2736.read.1.tlog
C:\Tmp\G29-Post-Processor\G29-Post-Processor\G29-Post-Processor\Debug\link.2736.write.1.tlog
C:\Tmp\G29-Post-Processor\G29-Post-Processor\G29-Post-Processor\Debug\link.2736-cvtres.read.1.tlog
C:\Tmp\G29-Post-Processor\G29-Post-Processor\G29-Post-Processor\Debug\link.2736-cvtres.write.1.tlog
C:\Tmp\G29-Post-Processor\G29-Post-Processor\G29-Post-Processor\Debug\link.292.read.1.tlog
C:\Tmp\G29-Post-Processor\G29-Post-Processor\G29-Post-Processor\Debug\link.292.write.1.tlog
C:\Tmp\G29-Post-Processor\G29-Post-Processor\G29-Post-Processor\Debug\link.292-cvtres.read.1.tlog
C:\Tmp\G29-Post-Processor\G29-Post-Processor\G29-Post-Processor\Debug\link.292-cvtres.write.1.tlog
C:\Tmp\G29-Post-Processor\G29-Post-Processor\G29-Post-Processor\Debug\link.3052.read.1.tlog
C:\Tmp\G29-Post-Processor\G29-Post-Processor\G29-Post-Processor\Debug\link.3052.write.1.tlog
C:\Tmp\G29-Post-Processor\G29-Post-Processor\G29-Post-Processor\Debug\link.3052-cvtres.read.1.tlog
C:\Tmp\G29-Post-Processor\G29-Post-Processor\G29-Post-Processor\Debug\link.3052-cvtres.write.1.tlog
C:\Tmp\G29-Post-Processor\G29-Post-Processor\G29-Post-Processor\Debug\link.3096.read.1.tlog
C:\Tmp\G29-Post-Processor\G29-Post-Processor\G29-Post-Processor\Debug\link.3096.write.1.tlog
C:\Tmp\G29-Post-Processor\G29-Post-Processor\G29-Post-Processor\Debug\link.3096-cvtres.read.1.tlog
C:\Tmp\G29-Post-Processor\G29-Post-Processor\G29-Post-Processor\Debug\link.3096-cvtres.write.1.tlog
C:\Tmp\G29-Post-Processor\G29-Post-Processor\G29-Post-Processor\Debug\link.3160.read.1.tlog
C:\Tmp\G29-Post-Processor\G29-Post-Processor\G29-Post-Processor\Debug\link.3160.write.1.tlog
C:\Tmp\G29-Post-Processor\G29-Post-Processor\G29-Post-Processor\Debug\link.3160-cvtres.read.1.tlog
C:\Tmp\G29-Post-Processor\G29-Post-Processor\G29-Post-Processor\Debug\link.3160-cvtres.write.1.tlog
C:\Tmp\G29-Post-Processor\G29-Post-Processor\G29-Post-Processor\Debug\link.3248.read.1.tlog
C:\Tmp\G29-Post-Processor\G29-Post-Processor\G29-Post-Processor\Debug\link.3248.write.1.tlog
C:\Tmp\G29-Post-Processor\G29-Post-Processor\G29-Post-Processor\Debug\link.3248-cvtres.read.1.tlog
C:\Tmp\G29-Post-Processor\G29-Post-Processor\G29-Post-Processor\Debug\link.3248-cvtres.write.1.tlog
C:\Tmp\G29-Post-Processor\G29-Post-Processor\G29-Post-Processor\Debug\link.3408.read.1.tlog
C:\Tmp\G29-Post-Processor\G29-Post-Processor\G29-Post-Processor\Debug\link.3408.write.1.tlog
C:\Tmp\G29-Post-Processor\G29-Post-Processor\G29-Post-Processor\Debug\link.3408-cvtres.read.1.tlog
C:\Tmp\G29-Post-Processor\G29-Post-Processor\G29-Post-Processor\Debug\link.3408-cvtres.write.1.tlog
C:\Tmp\G29-Post-Processor\G29-Post-Processor\G29-Post-Processor\Debug\link.3416.read.1.tlog
C:\Tmp\G29-Post-Processor\G29-Post-Processor\G29-Post-Processor\Debug\link.3416.write.1.tlog
C:\Tmp\G29-Post-Processor\G29-Post-Processor\G29-Post-Processor\Debug\link.3416-cvtres.read.1.tlog
C:\Tmp\G29-Post-Processor\G29-Post-Processor\G29-Post-Processor\Debug\link.3416-cvtres.write.1.tlog
C:\Tmp\G29-Post-Processor\G29-Post-Processor\G29-Post-Processor\Debug\link.3736.read.1.tlog
C:\Tmp\G29-Post-Processor\G29-Post-Processor\G29-Post-Processor\Debug\link.3736.write.1.tlog
C:\Tmp\G29-Post-Processor\G29-Post-Processor\G29-Post-Processor\Debug\link.3736-cvtres.read.1.tlog
C:\Tmp\G29-Post-Processor\G29-Post-Processor\G29-Post-Processor\Debug\link.3736-cvtres.write.1.tlog
C:\Tmp\G29-Post-Processor\G29-Post-Processor\G29-Post-Processor\Debug\link.3756.read.1.tlog
C:\Tmp\G29-Post-Processor\G29-Post-Processor\G29-Post-Processor\Debug\link.3756.write.1.tlog
C:\Tmp\G29-Post-Processor\G29-Post-Processor\G29-Post-Processor\Debug\link.3756-cvtres.read.1.tlog
C:\Tmp\G29-Post-Processor\G29-Post-Processor\G29-Post-Processor\Debug\link.3756-cvtres.write.1.tlog
C:\Tmp\G29-Post-Processor\G29-Post-Processor\G29-Post-Processor\Debug\link.3816.read.1.tlog
C:\Tmp\G29-Post-Processor\G29-Post-Processor\G29-Post-Processor\Debug\link.3816.write.1.tlog
C:\Tmp\G29-Post-Processor\G29-Post-Processor\G29-Post-Processor\Debug\link.3816-cvtres.read.1.tlog
C:\Tmp\G29-Post-Processor\G29-Post-Processor\G29-Post-Processor\Debug\link.3816-cvtres.write.1.tlog
C:\Tmp\G29-Post-Processor\G29-Post-Processor\G29-Post-Processor\Debug\link.3940.read.1.tlog
C:\Tmp\G29-Post-Processor\G29-Post-Processor\G29-Post-Processor\Debug\link.3940.write.1.tlog
C:\Tmp\G29-Post-Processor\G29-Post-Processor\G29-Post-Processor\Debug\link.3940-cvtres.read.1.tlog
C:\Tmp\G29-Post-Processor\G29-Post-Processor\G29-Post-Processor\Debug\link.3940-cvtres.write.1.tlog
C:\Tmp\G29-Post-Processor\G29-Post-Processor\G29-Post-Processor\Debug\link.3948.read.1.tlog
C:\Tmp\G29-Post-Processor\G29-Post-Processor\G29-Post-Processor\Debug\link.3948.write.1.tlog
C:\Tmp\G29-Post-Processor\G29-Post-Processor\G29-Post-Processor\Debug\link.3948-cvtres.read.1.tlog
C:\Tmp\G29-Post-Processor\G29-Post-Processor\G29-Post-Processor\Debug\link.3948-cvtres.write.1.tlog
C:\Tmp\G29-Post-Processor\G29-Post-Processor\G29-Post-Processor\Debug\link.4040.read.1.tlog
C:\Tmp\G29-Post-Processor\G29-Post-Processor\G29-Post-Processor\Debug\link.4040.write.1.tlog
C:\Tmp\G29-Post-Processor\G29-Post-Processor\G29-Post-Processor\Debug\link.4040-cvtres.read.1.tlog
C:\Tmp\G29-Post-Processor\G29-Post-Processor\G29-Post-Processor\Debug\link.4040-cvtres.write.1.tlog
C:\Tmp\G29-Post-Processor\G29-Post-Processor\G29-Post-Processor\Debug\link.4164.read.1.tlog
C:\Tmp\G29-Post-Processor\G29-Post-Processor\G29-Post-Processor\Debug\link.4164.write.1.tlog
C:\Tmp\G29-Post-Processor\G29-Post-Processor\G29-Post-Processor\Debug\link.4164-cvtres.read.1.tlog
C:\Tmp\G29-Post-Processor\G29-Post-Processor\G29-Post-Processor\Debug\link.4164-cvtres.write.1.tlog
C:\Tmp\G29-Post-Processor\G29-Post-Processor\G29-Post-Processor\Debug\link.4256.read.1.tlog
C:\Tmp\G29-Post-Processor\G29-Post-Processor\G29-Post-Processor\Debug\link.4256.write.1.tlog
C:\Tmp\G29-Post-Processor\G29-Post-Processor\G29-Post-Processor\Debug\link.4256-cvtres.read.1.tlog
C:\Tmp\G29-Post-Processor\G29-Post-Processor\G29-Post-Processor\Debug\link.4256-cvtres.write.1.tlog
C:\Tmp\G29-Post-Processor\G29-Post-Processor\G29-Post-Processor\Debug\link.4264.read.1.tlog
C:\Tmp\G29-Post-Processor\G29-Post-Processor\G29-Post-Processor\Debug\link.4264.write.1.tlog
C:\Tmp\G29-Post-Processor\G29-Post-Processor\G29-Post-Processor\Debug\link.4264-cvtres.read.1.tlog
C:\Tmp\G29-Post-Processor\G29-Post-Processor\G29-Post-Processor\Debug\link.4264-cvtres.write.1.tlog
C:\Tmp\G29-Post-Processor\G29-Post-Processor\G29-Post-Processor\Debug\link.4336.read.1.tlog
C:\Tmp\G29-Post-Processor\G29-Post-Processor\G29-Post-Processor\Debug\link.4336.write.1.tlog
C:\Tmp\G29-Post-Processor\G29-Post-Processor\G29-Post-Processor\Debug\link.4336-cvtres.read.1.tlog
C:\Tmp\G29-Post-Processor\G29-Post-Processor\G29-Post-Processor\Debug\link.4336-cvtres.write.1.tlog
C:\Tmp\G29-Post-Processor\G29-Post-Processor\G29-Post-Processor\Debug\link.4340.read.1.tlog
C:\Tmp\G29-Post-Processor\G29-Post-Processor\G29-Post-Processor\Debug\link.4340.write.1.tlog
C:\Tmp\G29-Post-Processor\G29-Post-Processor\G29-Post-Processor\Debug\link.4340-cvtres.read.1.tlog
C:\Tmp\G29-Post-Processor\G29-Post-Processor\G29-Post-Processor\Debug\link.4340-cvtres.write.1.tlog
C:\Tmp\G29-Post-Processor\G29-Post-Processor\G29-Post-Processor\Debug\link.4360.read.1.tlog
C:\Tmp\G29-Post-Processor\G29-Post-Processor\G29-Post-Processor\Debug\link.4360.write.1.tlog
C:\Tmp\G29-Post-Processor\G29-Post-Processor\G29-Post-Processor\Debug\link.4360-cvtres.read.1.tlog
C:\Tmp\G29-Post-Processor\G29-Post-Processor\G29-Post-Processor\Debug\link.4360-cvtres.write.1.tlog
C:\Tmp\G29-Post-Processor\G29-Post-Processor\G29-Post-Processor\Debug\link.4436.read.1.tlog
C:\Tmp\G29-Post-Processor\G29-Post-Processor\G29-Post-Processor\Debug\link.4436.write.1.tlog
C:\Tmp\G29-Post-Processor\G29-Post-Processor\G29-Post-Processor\Debug\link.4436-cvtres.read.1.tlog
C:\Tmp\G29-Post-Processor\G29-Post-Processor\G29-Post-Processor\Debug\link.4436-cvtres.write.1.tlog
C:\Tmp\G29-Post-Processor\G29-Post-Processor\G29-Post-Processor\Debug\link.4444.read.1.tlog
C:\Tmp\G29-Post-Processor\G29-Post-Processor\G29-Post-Processor\Debug\link.4444.write.1.tlog
C:\Tmp\G29-Post-Processor\G29-Post-Processor\G29-Post-Processor\Debug\link.4444-cvtres.read.1.tlog
C:\Tmp\G29-Post-Processor\G29-Post-Processor\G29-Post-Processor\Debug\link.4444-cvtres.write.1.tlog
C:\Tmp\G29-Post-Processor\G29-Post-Processor\G29-Post-Processor\Debug\link.4468.read.1.tlog
C:\Tmp\G29-Post-Processor\G29-Post-Processor\G29-Post-Processor\Debug\link.4468.write.1.tlog
C:\Tmp\G29-Post-Processor\G29-Post-Processor\G29-Post-Processor\Debug\link.4468-cvtres.read.1.tlog
C:\Tmp\G29-Post-Processor\G29-Post-Processor\G29-Post-Processor\Debug\link.4468-cvtres.write.1.tlog
C:\Tmp\G29-Post-Processor\G29-Post-Processor\G29-Post-Processor\Debug\link.4476.read.1.tlog
C:\Tmp\G29-Post-Processor\G29-Post-Processor\G29-Post-Processor\Debug\link.4476.write.1.tlog
C:\Tmp\G29-Post-Processor\G29-Post-Processor\G29-Post-Processor\Debug\link.4476-cvtres.read.1.tlog
C:\Tmp\G29-Post-Processor\G29-Post-Processor\G29-Post-Processor\Debug\link.4476-cvtres.write.1.tlog
C:\Tmp\G29-Post-Processor\G29-Post-Processor\G29-Post-Processor\Debug\link.4504.read.1.tlog
C:\Tmp\G29-Post-Processor\G29-Post-Processor\G29-Post-Processor\Debug\link.4504.write.1.tlog
C:\Tmp\G29-Post-Processor\G29-Post-Processor\G29-Post-Processor\Debug\link.4504-cvtres.read.1.tlog
C:\Tmp\G29-Post-Processor\G29-Post-Processor\G29-Post-Processor\Debug\link.4504-cvtres.write.1.tlog
C:\Tmp\G29-Post-Processor\G29-Post-Processor\G29-Post-Processor\Debug\link.4576.read.1.tlog
C:\Tmp\G29-Post-Processor\G29-Post-Processor\G29-Post-Processor\Debug\link.4576.write.1.tlog
C:\Tmp\G29-Post-Processor\G29-Post-Processor\G29-Post-Processor\Debug\link.4576-cvtres.read.1.tlog
C:\Tmp\G29-Post-Processor\G29-Post-Processor\G29-Post-Processor\Debug\link.4576-cvtres.write.1.tlog
C:\Tmp\G29-Post-Processor\G29-Post-Processor\G29-Post-Processor\Debug\link.4632.read.1.tlog
C:\Tmp\G29-Post-Processor\G29-Post-Processor\G29-Post-Processor\Debug\link.4632.write.1.tlog
C:\Tmp\G29-Post-Processor\G29-Post-Processor\G29-Post-Processor\Debug\link.4632-cvtres.read.1.tlog
C:\Tmp\G29-Post-Processor\G29-Post-Processor\G29-Post-Processor\Debug\link.4632-cvtres.write.1.tlog
C:\Tmp\G29-Post-Processor\G29-Post-Processor\G29-Post-Processor\Debug\link.4636.read.1.tlog
C:\Tmp\G29-Post-Processor\G29-Post-Processor\G29-Post-Processor\Debug\link.4636.write.1.tlog
C:\Tmp\G29-Post-Processor\G29-Post-Processor\G29-Post-Processor\Debug\link.4636-cvtres.read.1.tlog
C:\Tmp\G29-Post-Processor\G29-Post-Processor\G29-Post-Processor\Debug\link.4636-cvtres.write.1.tlog
C:\Tmp\G29-Post-Processor\G29-Post-Processor\G29-Post-Processor\Debug\link.4648.read.1.tlog
C:\Tmp\G29-Post-Processor\G29-Post-Processor\G29-Post-Processor\Debug\link.4648.write.1.tlog
C:\Tmp\G29-Post-Processor\G29-Post-Processor\G29-Post-Processor\Debug\link.4648-cvtres.read.1.tlog
C:\Tmp\G29-Post-Processor\G29-Post-Processor\G29-Post-Processor\Debug\link.4648-cvtres.write.1.tlog
C:\Tmp\G29-Post-Processor\G29-Post-Processor\G29-Post-Processor\Debug\link.4744.read.1.tlog
C:\Tmp\G29-Post-Processor\G29-Post-Processor\G29-Post-Processor\Debug\link.4744.write.1.tlog
C:\Tmp\G29-Post-Processor\G29-Post-Processor\G29-Post-Processor\Debug\link.4744-cvtres.read.1.tlog
C:\Tmp\G29-Post-Processor\G29-Post-Processor\G29-Post-Processor\Debug\link.4744-cvtres.write.1.tlog
C:\Tmp\G29-Post-Processor\G29-Post-Processor\G29-Post-Processor\Debug\link.4756.read.1.tlog
C:\Tmp\G29-Post-Processor\G29-Post-Processor\G29-Post-Processor\Debug\link.4756.write.1.tlog
C:\Tmp\G29-Post-Processor\G29-Post-Processor\G29-Post-Processor\Debug\link.4756-cvtres.read.1.tlog
C:\Tmp\G29-Post-Processor\G29-Post-Processor\G29-Post-Processor\Debug\link.4756-cvtres.write.1.tlog
C:\Tmp\G29-Post-Processor\G29-Post-Processor\G29-Post-Processor\Debug\link.5144.read.1.tlog
C:\Tmp\G29-Post-Processor\G29-Post-Processor\G29-Post-Processor\Debug\link.5144.write.1.tlog
C:\Tmp\G29-Post-Processor\G29-Post-Processor\G29-Post-Processor\Debug\link.5144-cvtres.read.1.tlog
C:\Tmp\G29-Post-Processor\G29-Post-Processor\G29-Post-Processor\Debug\link.5144-cvtres.write.1.tlog
C:\Tmp\G29-Post-Processor\G29-Post-Processor\G29-Post-Processor\Debug\link.5148.read.1.tlog
C:\Tmp\G29-Post-Processor\G29-Post-Processor\G29-Post-Processor\Debug\link.5148.write.1.tlog
C:\Tmp\G29-Post-Processor\G29-Post-Processor\G29-Post-Processor\Debug\link.5148-cvtres.read.1.tlog
C:\Tmp\G29-Post-Processor\G29-Post-Processor\G29-Post-Processor\Debug\link.5148-cvtres.write.1.tlog
C:\Tmp\G29-Post-Processor\G29-Post-Processor\G29-Post-Processor\Debug\link.5152.read.1.tlog
C:\Tmp\G29-Post-Processor\G29-Post-Processor\G29-Post-Processor\Debug\link.5152.write.1.tlog
C:\Tmp\G29-Post-Processor\G29-Post-Processor\G29-Post-Processor\Debug\link.5152-cvtres.read.1.tlog
C:\Tmp\G29-Post-Processor\G29-Post-Processor\G29-Post-Processor\Debug\link.5152-cvtres.write.1.tlog
C:\Tmp\G29-Post-Processor\G29-Post-Processor\G29-Post-Processor\Debug\link.5204.read.1.tlog
C:\Tmp\G29-Post-Processor\G29-Post-Processor\G29-Post-Processor\Debug\link.5204.write.1.tlog
C:\Tmp\G29-Post-Processor\G29-Post-Processor\G29-Post-Processor\Debug\link.5204-cvtres.read.1.tlog
C:\Tmp\G29-Post-Processor\G29-Post-Processor\G29-Post-Processor\Debug\link.5204-cvtres.write.1.tlog
C:\Tmp\G29-Post-Processor\G29-Post-Processor\G29-Post-Processor\Debug\link.5352.read.1.tlog
C:\Tmp\G29-Post-Processor\G29-Post-Processor\G29-Post-Processor\Debug\link.5352.write.1.tlog
C:\Tmp\G29-Post-Processor\G29-Post-Processor\G29-Post-Processor\Debug\link.5352-cvtres.read.1.tlog
C:\Tmp\G29-Post-Processor\G29-Post-Processor\G29-Post-Processor\Debug\link.5352-cvtres.write.1.tlog
C:\Tmp\G29-Post-Processor\G29-Post-Processor\G29-Post-Processor\Debug\link.5360.read.1.tlog
C:\Tmp\G29-Post-Processor\G29-Post-Processor\G29-Post-Processor\Debug\link.5360.write.1.tlog
C:\Tmp\G29-Post-Processor\G29-Post-Processor\G29-Post-Processor\Debug\link.5360-cvtres.read.1.tlog
C:\Tmp\G29-Post-Processor\G29-Post-Processor\G29-Post-Processor\Debug\link.5360-cvtres.write.1.tlog
C:\Tmp\G29-Post-Processor\G29-Post-Processor\G29-Post-Processor\Debug\link.5512.read.1.tlog
C:\Tmp\G29-Post-Processor\G29-Post-Processor\G29-Post-Processor\Debug\link.5512.write.1.tlog
C:\Tmp\G29-Post-Processor\G29-Post-Processor\G29-Post-Processor\Debug\link.5512-cvtres.read.1.tlog
C:\Tmp\G29-Post-Processor\G29-Post-Processor\G29-Post-Processor\Debug\link.5512-cvtres.write.1.tlog
C:\Tmp\G29-Post-Processor\G29-Post-Processor\G29-Post-Processor\Debug\link.5592.read.1.tlog
C:\Tmp\G29-Post-Processor\G29-Post-Processor\G29-Post-Processor\Debug\link.5592.write.1.tlog
C:\Tmp\G29-Post-Processor\G29-Post-Processor\G29-Post-Processor\Debug\link.5592-cvtres.read.1.tlog
C:\Tmp\G29-Post-Processor\G29-Post-Processor\G29-Post-Processor\Debug\link.5592-cvtres.write.1.tlog
C:\Tmp\G29-Post-Processor\G29-Post-Processor\G29-Post-Processor\Debug\link.5692.read.1.tlog
C:\Tmp\G29-Post-Processor\G29-Post-Processor\G29-Post-Processor\Debug\link.5692.write.1.tlog
C:\Tmp\G29-Post-Processor\G29-Post-Processor\G29-Post-Processor\Debug\link.5692-cvtres.read.1.tlog
C:\Tmp\G29-Post-Processor\G29-Post-Processor\G29-Post-Processor\Debug\link.5692-cvtres.write.1.tlog
C:\Tmp\G29-Post-Processor\G29-Post-Processor\G29-Post-Processor\Debug\link.5700.read.1.tlog
C:\Tmp\G29-Post-Processor\G29-Post-Processor\G29-Post-Processor\Debug\link.5700.write.1.tlog
C:\Tmp\G29-Post-Processor\G29-Post-Processor\G29-Post-Processor\Debug\link.5700-cvtres.read.1.tlog
C:\Tmp\G29-Post-Processor\G29-Post-Processor\G29-Post-Processor\Debug\link.5700-cvtres.write.1.tlog
C:\Tmp\G29-Post-Processor\G29-Post-Processor\G29-Post-Processor\Debug\link.5708.read.1.tlog
C:\Tmp\G29-Post-Processor\G29-Post-Processor\G29-Post-Processor\Debug\link.5708.write.1.tlog
C:\Tmp\G29-Post-Processor\G29-Post-Processor\G29-Post-Processor\Debug\link.5708-cvtres.read.1.tlog
C:\Tmp\G29-Post-Processor\G29-Post-Processor\G29-Post-Processor\Debug\link.5708-cvtres.write.1.tlog
C:\Tmp\G29-Post-Processor\G29-Post-Processor\G29-Post-Processor\Debug\link.5728.read.1.tlog
C:\Tmp\G29-Post-Processor\G29-Post-Processor\G29-Post-Processor\Debug\link.5728.write.1.tlog
C:\Tmp\G29-Post-Processor\G29-Post-Processor\G29-Post-Processor\Debug\link.5728-cvtres.read.1.tlog
C:\Tmp\G29-Post-Processor\G29-Post-Processor\G29-Post-Processor\Debug\link.5728-cvtres.write.1.tlog
C:\Tmp\G29-Post-Processor\G29-Post-Processor\G29-Post-Processor\Debug\link.5780.read.1.tlog
C:\Tmp\G29-Post-Processor\G29-Post-Processor\G29-Post-Processor\Debug\link.5780.write.1.tlog
C:\Tmp\G29-Post-Processor\G29-Post-Processor\G29-Post-Processor\Debug\link.5780-cvtres.read.1.tlog
C:\Tmp\G29-Post-Processor\G29-Post-Processor\G29-Post-Processor\Debug\link.5780-cvtres.write.1.tlog
C:\Tmp\G29-Post-Processor\G29-Post-Processor\G29-Post-Processor\Debug\link.5800.read.1.tlog
C:\Tmp\G29-Post-Processor\G29-Post-Processor\G29-Post-Processor\Debug\link.5800.write.1.tlog
C:\Tmp\G29-Post-Processor\G29-Post-Processor\G29-Post-Processor\Debug\link.5800-cvtres.read.1.tlog
C:\Tmp\G29-Post-Processor\G29-Post-Processor\G29-Post-Processor\Debug\link.5800-cvtres.write.1.tlog
C:\Tmp\G29-Post-Processor\G29-Post-Processor\G29-Post-Processor\Debug\link.5824.read.1.tlog
C:\Tmp\G29-Post-Processor\G29-Post-Processor\G29-Post-Processor\Debug\link.5824.write.1.tlog
C:\Tmp\G29-Post-Processor\G29-Post-Processor\G29-Post-Processor\Debug\link.5824-cvtres.read.1.tlog
C:\Tmp\G29-Post-Processor\G29-Post-Processor\G29-Post-Processor\Debug\link.5824-cvtres.write.1.tlog
C:\Tmp\G29-Post-Processor\G29-Post-Processor\G29-Post-Processor\Debug\link.5852.read.1.tlog
C:\Tmp\G29-Post-Processor\G29-Post-Processor\G29-Post-Processor\Debug\link.5852.write.1.tlog
C:\Tmp\G29-Post-Processor\G29-Post-Processor\G29-Post-Processor\Debug\link.5852-cvtres.read.1.tlog
C:\Tmp\G29-Post-Processor\G29-Post-Processor\G29-Post-Processor\Debug\link.5852-cvtres.write.1.tlog
C:\Tmp\G29-Post-Processor\G29-Post-Processor\G29-Post-Processor\Debug\link.5860.read.1.tlog
C:\Tmp\G29-Post-Processor\G29-Post-Processor\G29-Post-Processor\Debug\link.5860.write.1.tlog
C:\Tmp\G29-Post-Processor\G29-Post-Processor\G29-Post-Processor\Debug\link.5860-cvtres.read.1.tlog
C:\Tmp\G29-Post-Processor\G29-Post-Processor\G29-Post-Processor\Debug\link.5860-cvtres.write.1.tlog
C:\Tmp\G29-Post-Processor\G29-Post-Processor\G29-Post-Processor\Debug\link.5960.read.1.tlog
C:\Tmp\G29-Post-Processor\G29-Post-Processor\G29-Post-Processor\Debug\link.5960.write.1.tlog
C:\Tmp\G29-Post-Processor\G29-Post-Processor\G29-Post-Processor\Debug\link.5960-cvtres.read.1.tlog
C:\Tmp\G29-Post-Processor\G29-Post-Processor\G29-Post-Processor\Debug\link.5960-cvtres.write.1.tlog
C:\Tmp\G29-Post-Processor\G29-Post-Processor\G29-Post-Processor\Debug\link.6020.read.1.tlog
C:\Tmp\G29-Post-Processor\G29-Post-Processor\G29-Post-Processor\Debug\link.6020.write.1.tlog
C:\Tmp\G29-Post-Processor\G29-Post-Processor\G29-Post-Processor\Debug\link.6020-cvtres.read.1.tlog
C:\Tmp\G29-Post-Processor\G29-Post-Processor\G29-Post-Processor\Debug\link.6020-cvtres.write.1.tlog
C:\Tmp\G29-Post-Processor\G29-Post-Processor\G29-Post-Processor\Debug\link.6060.read.1.tlog
C:\Tmp\G29-Post-Processor\G29-Post-Processor\G29-Post-Processor\Debug\link.6060.write.1.tlog
C:\Tmp\G29-Post-Processor\G29-Post-Processor\G29-Post-Processor\Debug\link.6060-cvtres.read.1.tlog
C:\Tmp\G29-Post-Processor\G29-Post-Processor\G29-Post-Processor\Debug\link.6060-cvtres.write.1.tlog
C:\Tmp\G29-Post-Processor\G29-Post-Processor\G29-Post-Processor\Debug\link.6108.read.1.tlog
C:\Tmp\G29-Post-Processor\G29-Post-Processor\G29-Post-Processor\Debug\link.6108.write.1.tlog
C:\Tmp\G29-Post-Processor\G29-Post-Processor\G29-Post-Processor\Debug\link.6108-cvtres.read.1.tlog
C:\Tmp\G29-Post-Processor\G29-Post-Processor\G29-Post-Processor\Debug\link.6108-cvtres.write.1.tlog
C:\Tmp\G29-Post-Processor\G29-Post-Processor\G29-Post-Processor\Debug\link.6124.read.1.tlog
C:\Tmp\G29-Post-Processor\G29-Post-Processor\G29-Post-Processor\Debug\link.6124.write.1.tlog
C:\Tmp\G29-Post-Processor\G29-Post-Processor\G29-Post-Processor\Debug\link.6124-cvtres.read.1.tlog
C:\Tmp\G29-Post-Processor\G29-Post-Processor\G29-Post-Processor\Debug\link.6124-cvtres.write.1.tlog
C:\Tmp\G29-Post-Processor\G29-Post-Processor\G29-Post-Processor\Debug\link.768.read.1.tlog
C:\Tmp\G29-Post-Processor\G29-Post-Processor\G29-Post-Processor\Debug\link.768.write.1.tlog
C:\Tmp\G29-Post-Processor\G29-Post-Processor\G29-Post-Processor\Debug\link.768-cvtres.read.1.tlog
C:\Tmp\G29-Post-Processor\G29-Post-Processor\G29-Post-Processor\Debug\link.768-cvtres.write.1.tlog
C:\Tmp\G29-Post-Processor\G29-Post-Processor\G29-Post-Processor\Debug\link.command.1.tlog
C:\Tmp\G29-Post-Processor\G29-Post-Processor\G29-Post-Processor\Debug\link.read.1.tlog
C:\Tmp\G29-Post-Processor\G29-Post-Processor\G29-Post-Processor\Debug\link.write.1.tlog
C:\Tmp\G29-Post-Processor\G29-Post-Processor\G29-Post-Processor\Debug\metagen.read.1.tlog
C:\Tmp\G29-Post-Processor\G29-Post-Processor\G29-Post-Processor\Debug\metagen.write.1.tlog
C:\Tmp\G29-Post-Processor\G29-Post-Processor\G29-Post-Processor\Debug\mt.command.1.tlog
C:\Tmp\G29-Post-Processor\G29-Post-Processor\G29-Post-Processor\Debug\mt.read.1.tlog
C:\Tmp\G29-Post-Processor\G29-Post-Processor\G29-Post-Processor\Debug\mt.write.1.tlog
C:\Tmp\G29-Post-Processor\G29-Post-Processor\G29-Post-Processor\Debug\rc.command.1.tlog
C:\Tmp\G29-Post-Processor\G29-Post-Processor\G29-Post-Processor\Debug\rc.read.1.tlog
C:\Tmp\G29-Post-Processor\G29-Post-Processor\G29-Post-Processor\Debug\rc.write.1.tlog
C:\Tmp\G29-Post-Processor\G29-Post-Processor\G29-Post-Processor\Debug\RSAENH.DLL.bi
C:\TMP\G29-POST-PROCESSOR\G29-POST-PROCESSOR\G29-POST-PROCESSOR\DEBUG\STDAFX.OBJ
C:\Tmp\G29-Post-Processor\G29-Post-Processor\G29-Post-Processor\Debug\TZRES.DLL.bi
C:\TMP\G29-POST-PROCESSOR\G29-POST-PROCESSOR\G29-POST-PROCESSOR\DEBUG\VC100.PDB
